UserID : 1 - 04/06/2022 12:32:17 - Visit subscriptions.php - REMOTE_ADDR : ::1
UserID : 1 - 04/06/2022 12:32:18 - Visit gyms.php - REMOTE_ADDR : ::1
UserID : 1 - 04/06/2022 12:32:27 - Visit users.php - REMOTE_ADDR : ::1
UserID : 1 - 04/06/2022 12:32:29 - Visit security.php - REMOTE_ADDR : ::1
UserID : 1 - 04/06/2022 12:32:31 - Visit users.php - REMOTE_ADDR : ::1
UserID : 1 - 04/06/2022 12:32:33 - Visit profilePage.php - REMOTE_ADDR : ::1
UserID : 1 - 04/06/2022 12:32:34 - Visit profilePageSecurity.php - REMOTE_ADDR : ::1
UserID : 1 - 04/06/2022 12:33:48 - Visit profilePageSecurity.php - REMOTE_ADDR : ::1
UserID : 1 - 04/06/2022 12:33:51 - Visit profilePageSecurity.php - REMOTE_ADDR : ::1
UserID : 1 - 04/06/2022 12:34:08 - Visit profilePageSecurity.php - REMOTE_ADDR : ::1
<<<<<<< Updated upstream
UserID : 1 - 04/06/2022 12:36:32 - Visit profilePageSecurity.php - REMOTE_ADDR : ::1
UserID : 1 - 04/06/2022 12:37:10 - Visit profilePageSecurity.php - REMOTE_ADDR : ::1
UserID : 1 - 04/06/2022 12:37:27 - Visit profilePageSecurity.php - REMOTE_ADDR : ::1
UserID : 1 - 04/06/2022 12:38:33 - Visit profilePageSecurity.php - REMOTE_ADDR : ::1
UserID : 1 - 04/06/2022 12:38:34 - Visit profilePageSecurity.php - REMOTE_ADDR : ::1
UserID : 1 - 04/06/2022 12:38:38 - Visit profilePageSecurity.php - REMOTE_ADDR : ::1
UserID : 1 - 04/06/2022 12:38:40 - Visit profilePageSecurity.php - REMOTE_ADDR : ::1
UserID : 1 - 04/06/2022 12:38:43 - Visit profilePageSecurity.php - REMOTE_ADDR : ::1
UserID : 1 - 04/06/2022 12:39:48 - Visit profilePageSecurity.php - REMOTE_ADDR : ::1
UserID : 1 - 04/06/2022 12:39:50 - Visit profilePageSecurity.php - REMOTE_ADDR : ::1
UserID : 1 - 04/06/2022 12:49:56 - Visit profilePageSecurity.php - REMOTE_ADDR : ::1
UserID : 1 - 04/06/2022 12:50:00 - Visit profilePageSecurity.php - REMOTE_ADDR : ::1
UserID : 1 - 04/06/2022 12:56:18 - Visit profilePageSecurity.php - REMOTE_ADDR : ::1
UserID : 1 - 04/06/2022 13:05:38 - Visit profilePageSecurity.php - REMOTE_ADDR : ::1
UserID : 1 - 04/06/2022 13:05:50 - Visit profilePage.php - REMOTE_ADDR : ::1
UserID : 1 - 04/06/2022 13:05:51 - Visit profilePageSecurity.php - REMOTE_ADDR : ::1
UserID : 1 - 04/06/2022 13:09:31 - Visit profilePageSecurity.php - REMOTE_ADDR : ::1
UserID : 1 - 04/06/2022 13:10:28 - Visit profilePageSecurity.php - REMOTE_ADDR : ::1
UserID : 1 - 04/06/2022 13:10:57 - Visit profilePageSecurity.php - REMOTE_ADDR : ::1
UserID : 1 - 04/06/2022 13:11:08 - Visit profilePageSecurity.php - REMOTE_ADDR : ::1
UserID : 1 - 04/06/2022 13:11:13 - Visit profilePageSecurity.php - REMOTE_ADDR : ::1
UserID : 1 - 04/06/2022 13:12:16 - Visit profilePageSecurity.php - REMOTE_ADDR : ::1
UserID : 1 - 04/06/2022 13:12:20 - Visit profilePageSecurity.php - REMOTE_ADDR : ::1
UserID : 1 - 04/06/2022 13:12:50 - Visit profilePageSecurity.php - REMOTE_ADDR : ::1
UserID : 1 - 04/06/2022 13:15:59 - Visit profilePageSecurity.php - REMOTE_ADDR : ::1
UserID : 1 - 04/06/2022 13:16:02 - Visit profilePageSecurity.php - REMOTE_ADDR : ::1
UserID : 1 - 04/06/2022 13:16:08 - Visit profilePageSecurity.php - REMOTE_ADDR : ::1
UserID : 1 - 04/06/2022 13:16:12 - Visit profilePageSecurity.php - REMOTE_ADDR : ::1
UserID : 1 - 04/06/2022 13:17:13 - Visit profilePageSecurity.php - REMOTE_ADDR : ::1
UserID : 1 - 04/06/2022 13:17:19 - Visit profilePageSecurity.php - REMOTE_ADDR : ::1
UserID : 1 - 04/06/2022 13:17:45 - Visit profilePageSecurity.php - REMOTE_ADDR : ::1
UserID : 1 - 04/06/2022 13:18:25 - Visit profilePageSecurity.php - REMOTE_ADDR : ::1
UserID : 1 - 04/06/2022 13:18:29 - Visit profilePageSecurity.php - REMOTE_ADDR : ::1
UserID : 1 - 04/06/2022 13:28:56 - Visit profilePageSecurity.php - REMOTE_ADDR : ::1
UserID : 1 - 04/06/2022 13:28:58 - Visit profilePageSecurity.php - REMOTE_ADDR : ::1
UserID : 1 - 04/06/2022 15:00:10 - Visit profilePage.php - REMOTE_ADDR : ::1
UserID : 1 - 04/06/2022 15:00:16 - Visit profilePage.php - REMOTE_ADDR : ::1
UserID : 1 - 04/06/2022 15:00:56 - Visit profilePage.php - REMOTE_ADDR : ::1
UserID : 1 - 04/06/2022 15:34:33 - Visit profilePageSecurity.php - REMOTE_ADDR : ::1
UserID : 1 - 04/06/2022 15:34:45 - Visit profilePageSecurity.php - REMOTE_ADDR : ::1
UserID : 1 - 04/06/2022 15:41:05 - Visit profilePageSecurity.php - REMOTE_ADDR : ::1
UserID : 1 - 04/06/2022 15:41:10 - Visit profilePageSecurity.php - REMOTE_ADDR : ::1
UserID : 1 - 04/06/2022 15:43:05 - Visit profilePageSecurity.php - REMOTE_ADDR : ::1
UserID : 1 - 04/06/2022 15:43:17 - Visit profilePageSecurity.php - REMOTE_ADDR : ::1
UserID : 1 - 04/06/2022 15:43:36 - Visit profilePageSecurity.php - REMOTE_ADDR : ::1
UserID : 1 - 04/06/2022 15:43:46 - Visit profilePageSecurity.php - REMOTE_ADDR : ::1
UserID : 1 - 04/06/2022 15:43:49 - Visit profilePageSecurity.php - REMOTE_ADDR : ::1
UserID : 1 - 04/06/2022 15:44:01 - Visit profilePageSecurity.php - REMOTE_ADDR : ::1
UserID : 1 - 04/06/2022 15:46:40 - Visit profilePageSecurity.php - REMOTE_ADDR : ::1
UserID : 1 - 04/06/2022 15:47:06 - Visit profilePageSecurity.php - REMOTE_ADDR : ::1
UserID : 1 - 04/06/2022 15:47:13 - Visit profilePageSecurity.php - REMOTE_ADDR : ::1
UserID : 1 - 04/06/2022 15:47:18 - Visit profilePageSecurity.php - REMOTE_ADDR : ::1
UserID : 1 - 04/06/2022 15:48:09 - Visit profilePageSecurity.php - REMOTE_ADDR : ::1
UserID : 1 - 04/06/2022 15:49:08 - Visit profilePageSecurity.php - REMOTE_ADDR : ::1
UserID : 1 - 04/06/2022 15:49:10 - Visit profilePageSecurity.php - REMOTE_ADDR : ::1
UserID : 1 - 04/06/2022 15:49:40 - Visit error404.php - REMOTE_ADDR : ::1
UserID : 1 - 04/06/2022 15:54:29 - Visit profilePageSecurity.php - REMOTE_ADDR : ::1
UserID : 1 - 04/06/2022 15:54:31 - Visit profilePageSecurity.php - REMOTE_ADDR : ::1
UserID : 1 - 04/06/2022 15:54:38 - Visit profilePageSecurity.php - REMOTE_ADDR : ::1
UserID : 1 - 04/06/2022 16:06:06 - Visit profilePageSecurity.php - REMOTE_ADDR : ::1
UserID : 1 - 04/06/2022 16:09:57 - Visit profilePageSecurity.php - REMOTE_ADDR : ::1
UserID : 1 - 04/06/2022 16:11:18 - Visit profilePageSecurity.php - REMOTE_ADDR : ::1
UserID : 1 - 04/06/2022 16:11:36 - Visit profilePageSecurity.php - REMOTE_ADDR : ::1
UserID : 1 - 04/06/2022 16:11:48 - Logout logout.php - REMOTE_ADDR : ::1
UserID : 1 - 04/06/2022 16:31:37 - Connexion login.php - REMOTE_ADDR : ::1
UserID : 1 - 04/06/2022 16:31:37 - Visit index.php - REMOTE_ADDR : ::1
UserID : 1 - 04/06/2022 16:31:41 - Visit profilePage.php - REMOTE_ADDR : ::1
UserID : 1 - 04/06/2022 16:31:42 - Visit profilePageSecurity.php - REMOTE_ADDR : ::1
UserID : 1 - 04/06/2022 16:31:50 - Visit index.php - REMOTE_ADDR : ::1
UserID : 1 - 04/06/2022 16:32:00 - Visit profilePage.php - REMOTE_ADDR : ::1
UserID : 1 - 04/06/2022 16:32:01 - Visit index.php - REMOTE_ADDR : ::1
UserID : 1 - 04/06/2022 16:32:13 - Visit profilePage.php - REMOTE_ADDR : ::1
UserID : 1 - 04/06/2022 16:32:18 - Visit profilePageSecurity.php - REMOTE_ADDR : ::1
UserID : 1 - 04/06/2022 16:32:25 - Logout updateMail.php - REMOTE_ADDR : ::1
UserID : 1 - 04/06/2022 16:33:16 - Connexion login.php - REMOTE_ADDR : ::1
UserID : 1 - 04/06/2022 16:33:16 - Visit index.php - REMOTE_ADDR : ::1
UserID : 1 - 04/06/2022 16:33:19 - Visit profilePage.php - REMOTE_ADDR : ::1
UserID : 1 - 04/06/2022 16:33:23 - Visit profilePageSecurity.php - REMOTE_ADDR : ::1
UserID : 1 - 04/06/2022 16:33:31 - Logout updateMail.php - REMOTE_ADDR : ::1
=======
>>>>>>> Stashed changes
UserID : 1 - 04/06/2022 15:42:09 - Visit formulaire.php - REMOTE_ADDR : ::1
UserID : 1 - 04/06/2022 16:13:49 - Visit formulaire.php - REMOTE_ADDR : ::1
UserID : 1 - 04/06/2022 16:35:19 - Visit formulaire.php - REMOTE_ADDR : ::1
UserID : 1 - 04/06/2022 16:35:36 - Visit formulaire.php - REMOTE_ADDR : ::1
UserID : 1 - 04/06/2022 16:47:41 - Visit formulaire.php - REMOTE_ADDR : ::1
UserID : 1 - 04/06/2022 16:53:14 - Visit formulaire.php - REMOTE_ADDR : ::1
UserID : 1 - 04/06/2022 16:53:36 - Visit formulaire.php - REMOTE_ADDR : ::1
UserID : 1 - 04/06/2022 17:21:36 - Visit formulaire.php - REMOTE_ADDR : ::1
UserID : 1 - 04/06/2022 17:22:37 - Visit formulaire.php - REMOTE_ADDR : ::1
UserID : 1 - 04/06/2022 17:23:21 - Visit formulaire.php - REMOTE_ADDR : ::1
UserID : 1 - 04/06/2022 17:24:06 - Visit formulaire.php - REMOTE_ADDR : ::1
UserID : 1 - 04/06/2022 17:33:25 - Visit formulaire.php - REMOTE_ADDR : ::1
UserID : 1 - 04/06/2022 17:44:17 - Visit formulaire.php - REMOTE_ADDR : ::1
UserID : 1 - 04/06/2022 17:47:45 - Visit formulaire.php - REMOTE_ADDR : ::1
UserID : 1 - 04/06/2022 17:54:15 - Visit formulaire.php - REMOTE_ADDR : ::1
UserID : 1 - 04/06/2022 17:55:22 - Visit formulaire.php - REMOTE_ADDR : ::1
UserID : 1 - 04/06/2022 18:01:19 - Visit formulaire.php - REMOTE_ADDR : ::1
UserID : 1 - 04/06/2022 18:02:45 - Visit formulaire.php - REMOTE_ADDR : ::1
UserID : 1 - 04/06/2022 18:36:49 - Visit formulaire.php - REMOTE_ADDR : ::1
UserID : 1 - 04/06/2022 18:57:57 - Visit about.php - REMOTE_ADDR : ::1
UserID : 1 - 04/06/2022 19:05:28 - Visit about.php - REMOTE_ADDR : ::1
UserID : 1 - 04/06/2022 19:09:46 - Visit about.php - REMOTE_ADDR : ::1
